<?xml version="1.0" encoding="UTF-8"?>
<!-- Generated by org.testng.reporters.JUnitXMLReporter -->
<testsuite ignored="0" hostname="DESKTOP-7VP6Q59" failures="0" tests="3" name="Default test" time="0.065" errors="0" timestamp="2024-05-28T00:02:17 IST">
  <testcase classname="bhuvanesh.Automation.My_First_Testcase" name="TestCase3" time="0.018"/>
  <testcase classname="bhuvanesh.Automation.My_First_Testcase" name="TestCase2" time="0.002"/>
  <testcase classname="bhuvanesh.Automation.My_First_Testcase" name="TestCase5" time="0.002"/>
</testsuite> <!-- Default test -->
