<?xml version="1.0" encoding="UTF-8"?>
<testng-results ignored="0" total="1" passed="1" failed="0" skipped="0">
  <reporter-output>
  </reporter-output>
  <suite started-at="2024-06-08T13:54:19 IST" name="Default suite" finished-at="2024-06-08T13:54:25 IST" duration-ms="6236">
    <groups>
    </groups>
    <test started-at="2024-06-08T13:54:19 IST" name="Default test" finished-at="2024-06-08T13:54:25 IST" duration-ms="6236">
      <class name="TestCase.MakeMyTripHotel">
        <test-method is-config="true" signature="launchbrowser()[pri:0, instance:TestCase.MakeMyTripHotel@5032714f]" started-at="2024-06-08T13:54:11 IST" name="launchbrowser" finished-at="2024-06-08T13:54:19 IST" duration-ms="8356" status="PASS">
          <reporter-output>
          </reporter-output>
        </test-method> <!-- launchbrowser -->
        <test-method is-config="true" signature="SelectTrip()[pri:0, instance:TestCase.MakeMyTripHotel@5032714f]" started-at="2024-06-08T13:54:19 IST" name="SelectTrip" finished-at="2024-06-08T13:54:20 IST" duration-ms="601" status="PASS">
          <reporter-output>
          </reporter-output>
        </test-method> <!-- SelectTrip -->
        <test-method signature="SelectHotels1()[pri:0, instance:TestCase.MakeMyTripHotel@5032714f]" started-at="2024-06-08T13:54:20 IST" name="SelectHotels1" finished-at="2024-06-08T13:54:25 IST" duration-ms="5602" status="PASS">
          <reporter-output>
          </reporter-output>
        </test-method> <!-- SelectHotels1 -->
        <test-method is-config="true" signature="closebrowser()[pri:0, instance:TestCase.MakeMyTripHotel@5032714f]" started-at="2024-06-08T13:54:25 IST" name="closebrowser" finished-at="2024-06-08T13:54:27 IST" duration-ms="1128" status="PASS">
          <reporter-output>
          </reporter-output>
        </test-method> <!-- closebrowser -->
      </class> <!-- TestCase.MakeMyTripHotel -->
    </test> <!-- Default test -->
  </suite> <!-- Default suite -->
</testng-results>
