<?xml version="1.0" encoding="UTF-8"?>
<testng-results ignored="0" total="2" passed="2" failed="0" skipped="0">
  <reporter-output>
  </reporter-output>
  <suite started-at="2024-06-08T11:01:17 IST" name="Default suite" finished-at="2024-06-08T11:02:46 IST" duration-ms="89767">
    <groups>
    </groups>
    <test started-at="2024-06-08T11:01:17 IST" name="Default test" finished-at="2024-06-08T11:02:46 IST" duration-ms="89767">
      <class name="TestCase.MakeMyTripHotel">
        <test-method is-config="true" signature="launchbrowser()[pri:0, instance:TestCase.MakeMyTripHotel@15043a2f]" started-at="2024-06-08T11:01:13 IST" name="launchbrowser" finished-at="2024-06-08T11:01:17 IST" duration-ms="3253" status="PASS">
          <reporter-output>
          </reporter-output>
        </test-method> <!-- launchbrowser -->
        <test-method is-config="true" signature="closepopups()[pri:0, instance:TestCase.MakeMyTripHotel@15043a2f]" started-at="2024-06-08T11:01:17 IST" name="closepopups" finished-at="2024-06-08T11:01:26 IST" duration-ms="9740" status="PASS">
          <reporter-output>
          </reporter-output>
        </test-method> <!-- closepopups -->
        <test-method signature="SelectHotels()[pri:1, instance:TestCase.MakeMyTripHotel@15043a2f]" started-at="2024-06-08T11:01:26 IST" name="SelectHotels" finished-at="2024-06-08T11:01:33 IST" duration-ms="6281" status="PASS">
          <reporter-output>
          </reporter-output>
        </test-method> <!-- SelectHotels -->
        <test-method is-config="true" signature="closepopups()[pri:0, instance:TestCase.MakeMyTripHotel@15043a2f]" started-at="2024-06-08T11:01:33 IST" name="closepopups" finished-at="2024-06-08T11:02:43 IST" duration-ms="69921" status="PASS">
          <reporter-output>
          </reporter-output>
        </test-method> <!-- closepopups -->
        <test-method signature="selectfromcity()[pri:2, instance:TestCase.MakeMyTripHotel@15043a2f]" started-at="2024-06-08T11:02:43 IST" name="selectfromcity" finished-at="2024-06-08T11:02:46 IST" duration-ms="3792" status="PASS">
          <reporter-output>
          </reporter-output>
        </test-method> <!-- selectfromcity -->
        <test-method is-config="true" signature="closebrowser()[pri:0, instance:TestCase.MakeMyTripHotel@15043a2f]" started-at="2024-06-08T11:02:46 IST" name="closebrowser" finished-at="2024-06-08T11:02:48 IST" duration-ms="1132" status="PASS">
          <reporter-output>
          </reporter-output>
        </test-method> <!-- closebrowser -->
      </class> <!-- TestCase.MakeMyTripHotel -->
    </test> <!-- Default test -->
  </suite> <!-- Default suite -->
</testng-results>
